<?xml version="1.0" encoding="UTF-8"?>
<!-- Generated by org.testng.reporters.JUnitXMLReporter -->
<testsuite hostname="DEBERWSL41X44Q2" ignored="2" name="Command line test" tests="2" failures="0" timestamp="17 Nov 2019 19:41:22 GMT" time="37.12" errors="0">
  <testcase name="SignInExistingCustomer" time="6.818" classname="com.hellofresh.challenge.tests.ui.RegisterTest"/>
  <testcase name="SignInNewCustomer" time="14.677" classname="com.hellofresh.challenge.tests.ui.RegisterTest"/>
  <testcase name="@BeforeSuite setUpEnvironment" time="0.0" classname="com.hellofresh.challenge.base.BaseTest">
    <ignored/>
  </testcase> <!-- @BeforeSuite setUpEnvironment -->
  <testcase name="@BeforeSuite setUpEnvironment" time="0.0" classname="com.hellofresh.challenge.base.BaseTest">
    <ignored/>
  </testcase> <!-- @BeforeSuite setUpEnvironment -->
</testsuite> <!-- Command line test -->
